#
# There is insufficient memory for the Java Runtime Environment to continue.
# Native memory allocation (mmap) failed to map 264241152 bytes. Error detail: G1 virtual space
# Possible reasons:
#   The system is out of physical RAM or swap space
#   This process is running with CompressedOops enabled, and the Java Heap may be blocking the growth of the native heap
# Possible solutions:
#   Reduce memory load on the system
#   Increase physical memory or swap space
#   Check if swap backing store is full
#   Decrease Java heap size (-Xmx/-Xms)
#   Decrease number of Java threads
#   Decrease Java thread stack sizes (-Xss)
#   Set larger code cache with -XX:ReservedCodeCacheSize=
#   JVM is running with Zero Based Compressed Oops mode in which the Java heap is
#     placed in the first 32GB address space. The Java Heap base address is the
#     maximum limit for the native heap growth. Please use -XX:HeapBaseMinAddress
#     to set the Java Heap base and to place the Java Heap above 32GB virtual address.
# This output file may be truncated or incomplete.
#
#  Out of Memory Error (os_windows.cpp:3825), pid=15000, tid=37044
#
# JRE version:  (17.0.12+1) (build )
# Java VM: OpenJDK 64-Bit Server VM (17.0.12+1-b1087.25, mixed mode, sharing, tiered, compressed oops, compressed class ptrs, g1 gc, windows-amd64)
# No core dump will be written. Minidumps are not enabled by default on client versions of Windows
#

---------------  S U M M A R Y ------------

Command Line: -Dfile.encoding=GBK D:\Apps\DevEco\DevEco Studio\sdk\default\openharmony\toolchains\lib\app_packing_tool.jar --mode hap --force true --lib-path D:\AppDates\Learning\entry\build\default\intermediates\stripped_native_libs\default --json-path D:\AppDates\Learning\entry\build\default\intermediates\package\default\module.json --resources-path D:\AppDates\Learning\entry\build\default\intermediates\res\default\resources --index-path D:\AppDates\Learning\entry\build\default\intermediates\res\default\resources.index --pack-info-path D:\AppDates\Learning\entry\build\default\outputs\default\pack.info --out-path D:\AppDates\Learning\entry\build\default\outputs\default\entry-default-unsigned.hap --ets-path D:\AppDates\Learning\entry\build\default\intermediates\loader_out\default\ets --pkg-context-path D:\AppDates\Learning\entry\build\default\intermediates\loader\default\pkgContextInfo.json

Host: 12th Gen Intel(R) Core(TM) i5-12500H, 16 cores, 15G,  Windows 11 , 64 bit Build 22621 (10.0.22621.4830)
Time: Tue Feb 25 13:45:36 2025  Windows 11 , 64 bit Build 22621 (10.0.22621.4830) elapsed time: 0.035415 seconds (0d 0h 0m 0s)

---------------  T H R E A D  ---------------

Current thread (0x000001a7b0465980):  JavaThread "Unknown thread" [_thread_in_vm, id=37044, stack(0x000000059d200000,0x000000059d300000)]

Stack: [0x000000059d200000,0x000000059d300000]
Native frames: (J=compiled Java code, j=interpreted, Vv=VM code, C=native code)
V  [jvm.dll+0x688dd9]
V  [jvm.dll+0x842eaa]
V  [jvm.dll+0x844aee]
V  [jvm.dll+0x845153]
V  [jvm.dll+0x24ba3f]
V  [jvm.dll+0x685ba9]
V  [jvm.dll+0x67a45a]
V  [jvm.dll+0x30c60b]
V  [jvm.dll+0x313ab6]
V  [jvm.dll+0x363c6e]
V  [jvm.dll+0x363e9f]
V  [jvm.dll+0x2e2658]
V  [jvm.dll+0x2e3594]
V  [jvm.dll+0x813b31]
V  [jvm.dll+0x3719c1]
V  [jvm.dll+0x7f2626]
V  [jvm.dll+0x3f563f]
V  [jvm.dll+0x3f7191]
C  [jli.dll+0x528f]
C  [ucrtbase.dll+0x29333]
C  [KERNEL32.DLL+0x1259d]
C  [ntdll.dll+0x5af38]


---------------  P R O C E S S  ---------------

Threads class SMR info:
_java_thread_list=0x00007ff860fb0f58, length=0, elements={
}

Java Threads: ( => current thread )

Other Threads:
  0x000001a7b04d0110 GCTaskThread "GC Thread#0" [stack: 0x000000059d300000,0x000000059d400000] [id=46204]
  0x000001a7b04e0ac0 ConcurrentGCThread "G1 Main Marker" [stack: 0x000000059d400000,0x000000059d500000] [id=40656]
  0x000001a7b04e1b20 ConcurrentGCThread "G1 Conc#0" [stack: 0x000000059d500000,0x000000059d600000] [id=42744]

[error occurred during error reporting (printing all threads), id 0xc0000005, EXCEPTION_ACCESS_VIOLATION (0xc0000005) at pc=0x00007ff8607631c7]

VM state: not at safepoint (not fully initialized)

VM Mutex/Monitor currently owned by a thread:  ([mutex/lock_event])
[0x000001a7b0461ad0] Heap_lock - owner thread: 0x000001a7b0465980

Heap address: 0x0000000704400000, size: 4028 MB, Compressed Oops mode: Zero based, Oop shift amount: 3

CDS archive(s) mapped at: [0x0000000000000000-0x0000000000000000-0x0000000000000000), size 0, SharedBaseAddress: 0x0000000800000000, ArchiveRelocationMode: 1.
Narrow klass base: 0x0000000000000000, Narrow klass shift: 0, Narrow klass range: 0x0

GC Precious Log:
<Empty>

Heap:
 garbage-first heap   total 0K, used 0K [0x0000000704400000, 0x0000000800000000)
  region size 2048K, 0 young (0K), 0 survivors (0K)
 Metaspace       used 0K, committed 0K, reserved 0K
  class space    used 0K, committed 0K, reserved 0K

Heap Regions: E=young(eden), S=young(survivor), O=old, HS=humongous(starts), HC=humongous(continues), CS=collection set, F=free, OA=open archive, CA=closed archive, TAMS=top-at-mark-start (previous, next)

Card table byte_map: [0x000001a7c5b90000,0x000001a7c6370000] _byte_map_base: 0x000001a7c236e000

Marking Bits (Prev, Next): (CMBitMap*) 0x000001a7b04d05d0, (CMBitMap*) 0x000001a7b04d0610
 Prev Bits: [0x000001a7c6b50000, 0x000001a7caa40000)
 Next Bits: [0x000001a7caa40000, 0x000001a7ce930000)

GC Heap History (0 events):
No events

Dll operation events (1 events):
Event: 0.024 Loaded shared library D:\Apps\DevEco\DevEco Studio\jbr\bin\java.dll

Deoptimization events (0 events):
No events

Classes unloaded (0 events):
No events

Classes redefined (0 events):
No events

Internal exceptions (0 events):
No events

VM Operations (0 events):
No events

Events (0 events):
No events


Dynamic libraries:
0x00007ff7cbe60000 - 0x00007ff7cbe6a000 	D:\Apps\DevEco\DevEco Studio\jbr\bin\java.exe
0x00007ff9479d0000 - 0x00007ff947be7000 	C:\WINDOWS\SYSTEM32\ntdll.dll
0x00007ff9456c0000 - 0x00007ff945784000 	C:\WINDOWS\System32\KERNEL32.DLL
0x00007ff944f80000 - 0x00007ff945350000 	C:\WINDOWS\System32\KERNELBASE.dll
0x00007ff944c80000 - 0x00007ff944d91000 	C:\WINDOWS\System32\ucrtbase.dll
0x00007ff932b20000 - 0x00007ff932b37000 	D:\Apps\DevEco\DevEco Studio\jbr\bin\jli.dll
0x00007ff93fb80000 - 0x00007ff93fb9b000 	D:\Apps\DevEco\DevEco Studio\jbr\bin\VCRUNTIME140.dll
0x00007ff947000000 - 0x00007ff9471ae000 	C:\WINDOWS\System32\USER32.dll
0x00007ff945400000 - 0x00007ff945426000 	C:\WINDOWS\System32\win32u.dll
0x00007ff947960000 - 0x00007ff947989000 	C:\WINDOWS\System32\GDI32.dll
0x00007ff944da0000 - 0x00007ff944ebb000 	C:\WINDOWS\System32\gdi32full.dll
0x00007ff9455a0000 - 0x00007ff94563a000 	C:\WINDOWS\System32\msvcp_win.dll
0x00007ff929f30000 - 0x00007ff92a1c2000 	C:\WINDOWS\WinSxS\amd64_microsoft.windows.common-controls_6595b64144ccf1df_6.0.22621.4830_none_270fe7d773858e80\COMCTL32.dll
0x00007ff9472d0000 - 0x00007ff947377000 	C:\WINDOWS\System32\msvcrt.dll
0x00007ff946fc0000 - 0x00007ff946ff1000 	C:\WINDOWS\System32\IMM32.DLL
0x00007ff9254a0000 - 0x00007ff9254ac000 	D:\Apps\DevEco\DevEco Studio\jbr\bin\vcruntime140_1.dll
0x00007ff8cb3f0000 - 0x00007ff8cb47d000 	D:\Apps\DevEco\DevEco Studio\jbr\bin\msvcp140.dll
0x00007ff860470000 - 0x00007ff8610f5000 	D:\Apps\DevEco\DevEco Studio\jbr\bin\server\jvm.dll
0x00007ff945e00000 - 0x00007ff945eb1000 	C:\WINDOWS\System32\ADVAPI32.dll
0x00007ff945790000 - 0x00007ff945837000 	C:\WINDOWS\System32\sechost.dll
0x00007ff945350000 - 0x00007ff945378000 	C:\WINDOWS\System32\bcrypt.dll
0x00007ff9471b0000 - 0x00007ff9472c4000 	C:\WINDOWS\System32\RPCRT4.dll
0x00007ff944590000 - 0x00007ff9445dd000 	C:\WINDOWS\SYSTEM32\POWRPROF.dll
0x00007ff93c0e0000 - 0x00007ff93c0ea000 	C:\WINDOWS\SYSTEM32\VERSION.dll
0x00007ff93b950000 - 0x00007ff93b984000 	C:\WINDOWS\SYSTEM32\WINMM.dll
0x00007ff8efbc0000 - 0x00007ff8efbc9000 	C:\WINDOWS\SYSTEM32\WSOCK32.dll
0x00007ff946a80000 - 0x00007ff946af1000 	C:\WINDOWS\System32\WS2_32.dll
0x00007ff944570000 - 0x00007ff944583000 	C:\WINDOWS\SYSTEM32\UMPDC.dll
0x00007ff943c80000 - 0x00007ff943c98000 	C:\WINDOWS\SYSTEM32\kernel.appcore.dll
0x00007ff93fc50000 - 0x00007ff93fc5a000 	D:\Apps\DevEco\DevEco Studio\jbr\bin\jimage.dll
0x00007ff9422a0000 - 0x00007ff9424d2000 	C:\WINDOWS\SYSTEM32\DBGHELP.DLL
0x00007ff946b00000 - 0x00007ff946e90000 	C:\WINDOWS\System32\combase.dll
0x00007ff945b40000 - 0x00007ff945c17000 	C:\WINDOWS\System32\OLEAUT32.dll
0x00007ff934010000 - 0x00007ff934042000 	C:\WINDOWS\SYSTEM32\dbgcore.DLL
0x00007ff945640000 - 0x00007ff9456bb000 	C:\WINDOWS\System32\bcryptPrimitives.dll
0x00007ff932af0000 - 0x00007ff932b15000 	D:\Apps\DevEco\DevEco Studio\jbr\bin\java.dll

dbghelp: loaded successfully - version: 4.0.5 - missing functions: none
symbol engine: initialized successfully - sym options: 0x614 - pdb path: .;D:\Apps\DevEco\DevEco Studio\jbr\bin;C:\WINDOWS\SYSTEM32;C:\WINDOWS\WinSxS\amd64_microsoft.windows.common-controls_6595b64144ccf1df_6.0.22621.4830_none_270fe7d773858e80;D:\Apps\DevEco\DevEco Studio\jbr\bin\server

VM Arguments:
jvm_args: -Dfile.encoding=GBK 
java_command: D:\Apps\DevEco\DevEco Studio\sdk\default\openharmony\toolchains\lib\app_packing_tool.jar --mode hap --force true --lib-path D:\AppDates\Learning\entry\build\default\intermediates\stripped_native_libs\default --json-path D:\AppDates\Learning\entry\build\default\intermediates\package\default\module.json --resources-path D:\AppDates\Learning\entry\build\default\intermediates\res\default\resources --index-path D:\AppDates\Learning\entry\build\default\intermediates\res\default\resources.index --pack-info-path D:\AppDates\Learning\entry\build\default\outputs\default\pack.info --out-path D:\AppDates\Learning\entry\build\default\outputs\default\entry-default-unsigned.hap --ets-path D:\AppDates\Learning\entry\build\default\intermediates\loader_out\default\ets --pkg-context-path D:\AppDates\Learning\entry\build\default\intermediates\loader\default\pkgContextInfo.json
java_class_path (initial): D:\Apps\DevEco\DevEco Studio\sdk\default\openharmony\toolchains\lib\app_packing_tool.jar
Launcher Type: SUN_STANDARD

[Global flags]
     intx CICompilerCount                          = 12                                        {product} {ergonomic}
     uint ConcGCThreads                            = 3                                         {product} {ergonomic}
     uint G1ConcRefinementThreads                  = 13                                        {product} {ergonomic}
   size_t G1HeapRegionSize                         = 2097152                                   {product} {ergonomic}
    uintx GCDrainStackTargetSize                   = 64                                        {product} {ergonomic}
   size_t InitialHeapSize                          = 264241152                                 {product} {ergonomic}
   size_t MarkStackSize                            = 4194304                                   {product} {ergonomic}
   size_t MaxHeapSize                              = 4223664128                                {product} {ergonomic}
   size_t MinHeapDeltaBytes                        = 2097152                                   {product} {ergonomic}
   size_t MinHeapSize                              = 8388608                                   {product} {ergonomic}
    uintx NonNMethodCodeHeapSize                   = 7602480                                {pd product} {ergonomic}
    uintx NonProfiledCodeHeapSize                  = 122027880                              {pd product} {ergonomic}
    uintx ProfiledCodeHeapSize                     = 122027880                              {pd product} {ergonomic}
    uintx ReservedCodeCacheSize                    = 251658240                              {pd product} {ergonomic}
     bool SegmentedCodeCache                       = true                                      {product} {ergonomic}
   size_t SoftMaxHeapSize                          = 4223664128                             {manageable} {ergonomic}
     bool UseCompressedClassPointers               = true                           {product lp64_product} {ergonomic}
     bool UseCompressedOops                        = true                           {product lp64_product} {ergonomic}
     bool UseG1GC                                  = true                                      {product} {ergonomic}
     bool UseLargePagesIndividualAllocation        = false                                  {pd product} {ergonomic}

Logging:
Log output configuration:
 #0: stdout all=warning uptime,level,tags
 #1: stderr all=off uptime,level,tags

Environment Variables:
JAVA_HOME=D:\Apps\DevEco\DevEco Studio\jbr
PATH=D:\Apps\DevEco\DevEco Studio\tools\node;D:\Apps\DevEco\DevEco Studio\jbr\bin;C:\Program Files\Common Files\Oracle\Java\javapath;C:\Program Files\PlasticSCM5\server;C:\Program Files\PlasticSCM5\client;C:\Program Files\Microsoft\jdk-11.0.16.101-hotspot\bin;C:\Windows\system32;C:\Windows;C:\Windows\System32\Wbem;C:\Windows\System32\WindowsPowerShell\v1.0\;C:\Windows\System32\OpenSSH\;C:\Program Files (x86)\NVIDIA Corporation\PhysX\Common;C:\WINDOWS\system32;C:\WINDOWS;C:\WINDOWS\System32\Wbem;C:\WINDOWS\System32\WindowsPowerShell\v1.0\;C:\WINDOWS\System32\OpenSSH\;C:\Program Files\Microsoft SQL Server\Client SDK\ODBC\170\Tools\Binn\;C:\Program Files\Microsoft SQL Server\150\Tools\Binn\;C:\Program Files\nodejs\;D:\Apps\MUMU模拟器\MuMuPlayer-12.0\shell;%A;DROID_HOME%\platform-tools;D:\Apps\AndroidSdk\Android-SDK@3.8.12.81924_20230817\emulator;D:\Apps\AndroidSdk\Android-SDK@3.8.12.81924_20230817\tools;D:\Apps\AndroidSdk\Android-SDK@3.8.12.81924_20230817\tools\bin;;C:\Program Files\Git\cmd;C:\Program Files\NVIDIA Corporation\NVIDIA app\NvDLISR;D:\Apps\微信web开发者工具\dll;C:\Program Files (x86)\ZeroTier\One\;C:\Program Files\dotnet\;C:\Users\80710\AppData\Local\Programs\Python\Python39\Scripts\;C:\Users\80710\AppData\Local\Programs\Python\Python39\;C:\Users\80710\AppData\Local\Programs\Python\Python35\Scripts\;C:\Users\80710\AppData\Local\Programs\Python\Python35\;C:\Users\80710\AppData\Local\Programs\Python\Python312\Scripts\;C:\Users\80710\AppData\Local\Programs\Python\Python312\;C:\Users\80710\AppData\Local\Microsoft\WindowsApps;C:\Users\80710\.dotnet\tools;C:\Users\80710\AppData\Roaming\npm;C:\Users\80710\AppData\Local\Programs\Fiddler;D:\Apps\PyCharm 2023.3.3\bin;;D:\AppDates\WebCodes\vie-to-answer-master\php-8.3.6-nts-Win32-vs16-x64;C:\Users\80710\AppData\Local\Programs\Microsoft VS Code\bin;D:\Apps\DevEco\DevEco Studio\bin;;C:\Users\80710\.dotnet\tools
USERNAME=80710
OS=Windows_NT
PROCESSOR_IDENTIFIER=Intel64 Family 6 Model 154 Stepping 3, GenuineIntel
TMP=C:\Users\80710\AppData\Local\Temp
TEMP=C:\Users\80710\AppData\Local\Temp



Periodic native trim disabled

JNI global refs:
JNI global refs: 0, weak refs: 0

JNI global refs memory usage: 0, weak refs: 0

OOME stack traces (most recent first):
Classloader memory used:


---------------  S Y S T E M  ---------------

OS:
 Windows 11 , 64 bit Build 22621 (10.0.22621.4830)
OS uptime: 1 days 5:06 hours
Hyper-V role detected

CPU: total 16 (initial active 16) (8 cores per cpu, 2 threads per core) family 6 model 154 stepping 3 microcode 0x433, cx8, cmov, fxsr, ht, mmx, 3dnowpref, sse, sse2, sse3, ssse3, sse4.1, sse4.2, popcnt, lzcnt, tsc, tscinvbit, avx, avx2, aes, erms, clmul, bmi1, bmi2, adx, sha, fma, vzeroupper, clflush, clflushopt, clwb, hv
Processor Information for processor 0
  Max Mhz: 2500, Current Mhz: 1532, Mhz Limit: 2500
Processor Information for processor 1
  Max Mhz: 2500, Current Mhz: 2500, Mhz Limit: 2500
Processor Information for processor 2
  Max Mhz: 2500, Current Mhz: 2500, Mhz Limit: 2500
Processor Information for processor 3
  Max Mhz: 2500, Current Mhz: 1532, Mhz Limit: 2500
Processor Information for processor 4
  Max Mhz: 2500, Current Mhz: 1532, Mhz Limit: 2500
Processor Information for processor 5
  Max Mhz: 2500, Current Mhz: 2500, Mhz Limit: 2500
Processor Information for processor 6
  Max Mhz: 2500, Current Mhz: 2500, Mhz Limit: 2500
Processor Information for processor 7
  Max Mhz: 2500, Current Mhz: 1532, Mhz Limit: 2500
Processor Information for processor 8
  Max Mhz: 2500, Current Mhz: 1800, Mhz Limit: 1800
Processor Information for processor 9
  Max Mhz: 2500, Current Mhz: 1500, Mhz Limit: 1800
Processor Information for processor 10
  Max Mhz: 2500, Current Mhz: 1800, Mhz Limit: 1800
Processor Information for processor 11
  Max Mhz: 2500, Current Mhz: 1800, Mhz Limit: 1800
Processor Information for processor 12
  Max Mhz: 2500, Current Mhz: 1800, Mhz Limit: 1800
Processor Information for processor 13
  Max Mhz: 2500, Current Mhz: 1800, Mhz Limit: 1800
Processor Information for processor 14
  Max Mhz: 2500, Current Mhz: 1500, Mhz Limit: 1800
Processor Information for processor 15
  Max Mhz: 2500, Current Mhz: 1800, Mhz Limit: 1800

Memory: 4k page, system-wide physical 16109M (379M free)
TotalPageFile size 41707M (AvailPageFile size 119M)
current process WorkingSet (physical memory assigned to process): 11M, peak: 11M
current process commit charge ("private bytes"): 70M, peak: 322M

vm_info: OpenJDK 64-Bit Server VM (17.0.12+1-b1087.25) for windows-amd64 JRE (17.0.12+1-b1087.25), built on 2024-08-30 by "builduser" with MS VC++ 16.10 / 16.11 (VS2019)

END.
